#
# A fatal error has been detected by the Java Runtime Environment:
#
#  SIGBUS (0xa) at pc=0x000000010eaf6eb9, pid=20044, tid=44547
#
# JRE version: Java(TM) SE Runtime Environment (8.0_25-b17) (build 1.8.0_25-b17)
# Java VM: Java HotSpot(TM) 64-Bit Server VM (25.25-b02 mixed mode bsd-amd64 compressed oops)
# Problematic frame:
# C  [libzip.dylib+0x2eb9]  newEntry+0x154
#
# Failed to write core dump. Core dumps have been disabled. To enable core dumping, try "ulimit -c unlimited" before starting Java again
#
# If you would like to submit a bug report, please visit:
#   http://bugreport.sun.com/bugreport/crash.jsp
# The crash happened outside the Java Virtual Machine in native code.
# See problematic frame for where to report the bug.
#

---------------  T H R E A D  ---------------

Current thread (0x00007fde76875000):  JavaThread "vert.x-eventloop-thread-1" [_thread_in_native, id=44547, stack(0x0000700013446000,0x0000700013546000)]

siginfo: si_signo: 10 (SIGBUS), si_code: 2 (BUS_ADRERR), si_addr: 0x0000000114b59f7c

Registers:
RAX=0x00007fde74d2f280, RBX=0x0000000114b59f70, RCX=0x0000000000000001, RDX=0x0000000000000100
RSP=0x0000700013542a60, RBP=0x0000700013542ac0, RSI=0x0000000000000002, RDI=0x000000000000012e
R8 =0x0000000000000048, R9 =0x00007fde77312fc0, R10=0x00000000fffffffe, R11=0x00006ff8a60e46c6
R12=0x0000000114d1b000, R13=0x0000000000005450, R14=0x000000005d2dff9c, R15=0x00007fde775bc6c0
RIP=0x000000010eaf6eb9, EFLAGS=0x0000000000010202, ERR=0x0000000000000004
  TRAPNO=0x000000000000000e

Top of Stack: (sp=0x0000700013542a60)
0x0000700013542a60:   0000000116411420 000000001243f5f8
0x0000700013542a70:   0000700013542ac0 00000001100268f3
0x0000700013542a80:   0000700013542aa0 00007fde74d2f280
0x0000700013542a90:   00007fde77312fc0 00007fde74d2f280
0x0000700013542aa0:   0000000114d1b000 0000000000005450
0x0000700013542ab0:   000000005d2dff9c 00007fde775bc6c0
0x0000700013542ac0:   0000700013542b20 000000010eaf7554
0x0000700013542ad0:   0000700013542b6b 0000700013542b6a
0x0000700013542ae0:   0000002b00000000 0000002c01875000
0x0000700013542af0:   0000700013542b3e 0000700013542f88
0x0000700013542b00:   000000000000002c 0000700013542b3e
0x0000700013542b10:   00007fde74d2f280 00007fde768751e8
0x0000700013542b20:   0000700013542f70 000000010eaf634f
0x0000700013542b30:   0000700013542b80 6f697fff00000001
0x0000700013542b40:   632f797474656e2f 672f6c656e6e6168
0x0000700013542b50:   6168432f70756f72 6374614d6c656e6e
0x0000700013542b60:   616c632e73726568 0000000000007373
0x0000700013542b70:   00000001101ac708 00000000000000be
0x0000700013542b80:   0000700013542f70 00007fff8e6cb98b
0x0000700013542b90:   0000700013543a60 0000000112749a50
0x0000700013542ba0:   00007fde76875000 0000000000000072
0x0000700013542bb0:   0000700013542c80 000000010ffa6b8c
0x0000700013542bc0:   0000700013542c20 ffffffffffffffff
0x0000700013542bd0:   0000003012749a50 00000001103c5610
0x0000700013542be0:   0000000000000000 000000000000000d
0x0000700013542bf0:   000000000000000c 0000700013542c80
0x0000700013542c00:   000000012f0a0448 0000000000000001
0x0000700013542c10:   0000000000000001 00007fde7702cdec
0x0000700013542c20:   0000000000000001 0000000000000001
0x0000700013542c30:   0000000000000520 00007fff8e709650
0x0000700013542c40:   0000000000000000 0000700013543358
0x0000700013542c50:   00000001000000bd 0000700013543078 

Instructions: (pc=0x000000010eaf6eb9)
0x000000010eaf6e99:   49 8b 7f 38 e8 50 1b 00 00 4d 89 77 38 49 89 5f
0x000000010eaf6ea9:   40 4c 89 f0 48 85 c0 0f 84 11 05 00 00 48 89 c3
0x000000010eaf6eb9:   0f b6 43 0c 0f b6 4b 0d 48 c1 e1 08 48 01 c1 0f
0x000000010eaf6ec9:   b6 43 0e 0f b6 53 0f 48 c1 e2 08 48 01 c2 48 c1 

Register to memory mapping:

RAX=0x00007fde74d2f280 is an unknown value
RBX=0x0000000114b59f70 is an unknown value
RCX=0x0000000000000001 is an unknown value
RDX=0x0000000000000100 is an unknown value
RSP=0x0000700013542a60 is pointing into the stack for thread: 0x00007fde76875000
RBP=0x0000700013542ac0 is pointing into the stack for thread: 0x00007fde76875000
RSI=0x0000000000000002 is an unknown value
RDI=0x000000000000012e is an unknown value
R8 =0x0000000000000048 is an unknown value
R9 =0x00007fde77312fc0 is an unknown value
R10=0x00000000fffffffe is an unknown value
R11=0x00006ff8a60e46c6 is an unknown value
R12=0x0000000114d1b000 is an unknown value
R13=0x0000000000005450 is an unknown value
R14=0x000000005d2dff9c is an unknown value
R15=0x00007fde775bc6c0 is an unknown value


Stack: [0x0000700013446000,0x0000700013546000],  sp=0x0000700013542a60,  free space=1010k
Native frames: (J=compiled Java code, j=interpreted, Vv=VM code, C=native code)
C  [libzip.dylib+0x2eb9]  newEntry+0x154
C  [libzip.dylib+0x3554]  ZIP_GetEntry2+0xd4
C  [libzip.dylib+0x234f]  Java_java_util_zip_ZipFile_getEntry+0xcf
J 492  java.util.zip.ZipFile.getEntry(J[BZ)J (0 bytes) @ 0x000000011660c64e [0x000000011660c580+0xce]
J 1434 C2 java.util.jar.JarFile.getEntry(Ljava/lang/String;)Ljava/util/zip/ZipEntry; (22 bytes) @ 0x00000001168cbd78 [0x00000001168cba20+0x358]

Java frames: (J=compiled Java code, j=interpreted, Vv=VM code)
J 492  java.util.zip.ZipFile.getEntry(J[BZ)J (0 bytes) @ 0x000000011660c5d8 [0x000000011660c580+0x58]
J 1434 C2 java.util.jar.JarFile.getEntry(Ljava/lang/String;)Ljava/util/zip/ZipEntry; (22 bytes) @ 0x00000001168cbd78 [0x00000001168cba20+0x358]
J 706 C2 sun.misc.URLClassPath$JarLoader.getResource(Ljava/lang/String;Z)Lsun/misc/Resource; (85 bytes) @ 0x00000001166bc98c [0x00000001166bc840+0x14c]
J 1384 C2 sun.misc.URLClassPath.getResource(Ljava/lang/String;Z)Lsun/misc/Resource; (74 bytes) @ 0x000000011689a270 [0x000000011689a200+0x70]
J 563 C1 java.net.URLClassLoader$1.run()Ljava/lang/Class; (73 bytes) @ 0x000000011662d53c [0x000000011662d320+0x21c]
J 1887 C1 java.net.URLClassLoader$1.run()Ljava/lang/Object; (5 bytes) @ 0x0000000116a0a27c [0x0000000116a0a200+0x7c]
v  ~StubRoutines::call_stub
J 561  java.security.AccessController.doPrivileged(Ljava/security/PrivilegedExceptionAction;Ljava/security/AccessControlContext;)Ljava/lang/Object; (0 bytes) @ 0x000000011662e163 [0x000000011662e100+0x63]
J 1431 C2 java.lang.ClassLoader.loadClass(Ljava/lang/String;Z)Ljava/lang/Class; (122 bytes) @ 0x00000001168be070 [0x00000001168bd6e0+0x990]
J 2154 C2 sun.misc.Launcher$AppClassLoader.loadClass(Ljava/lang/String;Z)Ljava/lang/Class; (40 bytes) @ 0x0000000116ad774c [0x0000000116ad7640+0x10c]
J 418 C1 java.lang.ClassLoader.loadClass(Ljava/lang/String;)Ljava/lang/Class; (7 bytes) @ 0x00000001165e6e84 [0x00000001165e6d80+0x104]
v  ~StubRoutines::call_stub
j  io.netty.channel.group.DefaultChannelGroup.close()Lio/netty/channel/group/ChannelGroupFuture;+1
j  io.vertx.core.http.impl.HttpServerImpl.actualClose(Lio/vertx/core/impl/ContextImpl;Lio/vertx/core/Handler;)V+171
j  io.vertx.core.http.impl.HttpServerImpl.close(Lio/vertx/core/Handler;)V+239
j  io.vertx.core.impl.CloseHooks.run(Lio/vertx/core/Handler;)V+176
j  io.vertx.core.impl.ContextImpl.runCloseHooks(Lio/vertx/core/Handler;)V+5
j  io.vertx.core.impl.DeploymentManager$DeploymentImpl.lambda$null$2(Lio/vertx/core/impl/DeploymentManager$VerticleHolder;Lio/vertx/core/impl/ContextImpl;Ljava/util/concurrent/atomic/AtomicInteger;ILio/vertx/core/impl/ContextImpl;Lio/vertx/core/Handler;Ljava/util/concurrent/atomic/AtomicBoolean;Lio/vertx/core/AsyncResult;)V+56
j  io.vertx.core.impl.DeploymentManager$DeploymentImpl$$Lambda$75.handle(Ljava/lang/Object;)V+36
j  io.vertx.core.impl.FutureImpl.checkCallHandler()V+19
j  io.vertx.core.impl.FutureImpl.complete(Ljava/lang/Object;)V+15
j  io.vertx.core.impl.FutureImpl.complete()V+2
j  io.vertx.core.AbstractVerticle.stop(Lio/vertx/core/Future;)V+5
j  io.vertx.core.impl.DeploymentManager$DeploymentImpl.lambda$doUndeploy$3(Lio/vertx/core/impl/DeploymentManager$VerticleHolder;Lio/vertx/core/impl/ContextImpl;Ljava/util/concurrent/atomic/AtomicInteger;ILio/vertx/core/impl/ContextImpl;Lio/vertx/core/Handler;Ljava/lang/Void;)V+45
j  io.vertx.core.impl.DeploymentManager$DeploymentImpl$$Lambda$74.handle(Ljava/lang/Object;)V+32
j  io.vertx.core.impl.ContextImpl.lambda$wrapTask$2(ZLio/vertx/core/spi/metrics/PoolMetrics;Ljava/lang/Object;Lio/vertx/core/impl/ContextTask;Lio/vertx/core/Handler;)V+192
j  io.vertx.core.impl.ContextImpl$$Lambda$25.run()V+24
j  io.netty.util.concurrent.AbstractEventExecutor.safeExecute(Ljava/lang/Runnable;)V+1
j  io.netty.util.concurrent.SingleThreadEventExecutor.runAllTasks(J)Z+31
j  io.netty.channel.nio.NioEventLoop.run()V+137
j  io.netty.util.concurrent.SingleThreadEventExecutor$5.run()V+44
j  java.lang.Thread.run()V+11
v  ~StubRoutines::call_stub

---------------  P R O C E S S  ---------------

Java Threads: ( => current thread )
  0x00007fde7a003800 JavaThread "vert.x-eventloop-thread-3" [_thread_in_native, id=46339, stack(0x0000700013955000,0x0000700013a55000)]
  0x00007fde7a018000 JavaThread "vert.x-internal-blocking-0" [_thread_blocked, id=5387, stack(0x000070001374f000,0x000070001384f000)]
  0x00007fde750a3000 JavaThread "Thread-5" [_thread_blocked, id=17671, stack(0x0000700013343000,0x0000700013443000)]
  0x00007fde750a2000 JavaThread "SIGINT handler" daemon [_thread_blocked, id=44039, stack(0x000070000f380000,0x000070000f480000)]
  0x00007fde751e0800 JavaThread "vert.x-acceptor-thread-0" [_thread_in_native, id=45571, stack(0x000070001364c000,0x000070001374c000)]
  0x00007fde76800000 JavaThread "vert.x-eventloop-thread-2" [_thread_in_native, id=45059, stack(0x0000700013549000,0x0000700013649000)]
  0x00007fde7a000000 JavaThread "DestroyJavaVM" [_thread_blocked, id=6915, stack(0x000070000f486000,0x000070000f586000)]
=>0x00007fde76875000 JavaThread "vert.x-eventloop-thread-1" [_thread_in_native, id=44547, stack(0x0000700013446000,0x0000700013546000)]
  0x00007fde76cd6000 JavaThread "vert.x-worker-thread-1" [_thread_blocked, id=43523, stack(0x0000700013240000,0x0000700013340000)]
  0x00007fde76bbe000 JavaThread "vert.x-eventloop-thread-0" [_thread_in_native, id=43011, stack(0x000070001313d000,0x000070001323d000)]
  0x00007fde77a9f000 JavaThread "hz._hzInstance_1_dev.HealthMonitor" daemon [_thread_blocked, id=42499, stack(0x000070001303a000,0x000070001313a000)]
  0x00007fde78021000 JavaThread "cached3" [_thread_blocked, id=41987, stack(0x0000700012f37000,0x0000700013037000)]
  0x00007fde76d69000 JavaThread "cached2" [_thread_blocked, id=41475, stack(0x0000700012e34000,0x0000700012f34000)]
  0x00007fde77abc800 JavaThread "hz._hzInstance_1_dev.MulticastThread" [_thread_in_native, id=40963, stack(0x0000700012d31000,0x0000700012e31000)]
  0x00007fde77a63800 JavaThread "hz._hzInstance_1_dev.IO.thread-Acceptor" [_thread_in_native, id=40451, stack(0x0000700012c2e000,0x0000700012d2e000)]
  0x00007fde77b06000 JavaThread "hz._hzInstance_1_dev.IOBalancerThread" [_thread_blocked, id=39939, stack(0x0000700012b2b000,0x0000700012c2b000)]
  0x00007fde75299000 JavaThread "hz._hzInstance_1_dev.IO.thread-out-2" [_thread_in_native, id=39427, stack(0x0000700012a28000,0x0000700012b28000)]
  0x00007fde75296800 JavaThread "hz._hzInstance_1_dev.IO.thread-out-1" [_thread_in_native, id=38915, stack(0x0000700012925000,0x0000700012a25000)]
  0x00007fde7528b800 JavaThread "hz._hzInstance_1_dev.IO.thread-out-0" [_thread_in_native, id=38403, stack(0x0000700012822000,0x0000700012922000)]
  0x00007fde79000800 JavaThread "hz._hzInstance_1_dev.IO.thread-in-2" [_thread_in_native, id=37891, stack(0x000070001271f000,0x000070001281f000)]
  0x00007fde77ba0000 JavaThread "hz._hzInstance_1_dev.IO.thread-in-1" [_thread_in_native, id=37379, stack(0x000070001261c000,0x000070001271c000)]
  0x00007fde7528a800 JavaThread "hz._hzInstance_1_dev.IO.thread-in-0" [_thread_in_native, id=36867, stack(0x0000700012519000,0x0000700012619000)]
  0x00007fde76bbd000 JavaThread "hz._hzInstance_1_dev.generic-operation.thread-3" [_thread_blocked, id=36355, stack(0x0000700012416000,0x0000700012516000)]
  0x00007fde76bbc800 JavaThread "hz._hzInstance_1_dev.generic-operation.thread-2" [_thread_blocked, id=35843, stack(0x0000700012313000,0x0000700012413000)]
  0x00007fde76bbb800 JavaThread "hz._hzInstance_1_dev.generic-operation.thread-1" [_thread_blocked, id=35331, stack(0x0000700012210000,0x0000700012310000)]
  0x00007fde76bbb000 JavaThread "hz._hzInstance_1_dev.generic-operation.thread-0" [_thread_blocked, id=34819, stack(0x000070001210d000,0x000070001220d000)]
  0x00007fde76c4f000 JavaThread "hz._hzInstance_1_dev.partition-operation.thread-7" [_thread_blocked, id=34307, stack(0x000070001200a000,0x000070001210a000)]
  0x00007fde7582a000 JavaThread "hz._hzInstance_1_dev.partition-operation.thread-6" [_thread_blocked, id=33795, stack(0x0000700011f07000,0x0000700012007000)]
  0x00007fde76c4e000 JavaThread "hz._hzInstance_1_dev.partition-operation.thread-5" [_thread_blocked, id=33283, stack(0x0000700011e04000,0x0000700011f04000)]
  0x00007fde76afb000 JavaThread "hz._hzInstance_1_dev.partition-operation.thread-4" [_thread_blocked, id=32771, stack(0x0000700011d01000,0x0000700011e01000)]
  0x00007fde76afa800 JavaThread "hz._hzInstance_1_dev.partition-operation.thread-3" [_thread_blocked, id=32259, stack(0x0000700011bfe000,0x0000700011cfe000)]
  0x00007fde751bb800 JavaThread "hz._hzInstance_1_dev.partition-operation.thread-2" [_thread_blocked, id=31747, stack(0x0000700011afb000,0x0000700011bfb000)]
  0x00007fde751ba800 JavaThread "hz._hzInstance_1_dev.partition-operation.thread-1" [_thread_blocked, id=31235, stack(0x00007000119f8000,0x0000700011af8000)]
  0x00007fde751ed800 JavaThread "hz._hzInstance_1_dev.partition-operation.thread-0" [_thread_blocked, id=30723, stack(0x00007000118f5000,0x00007000119f5000)]
  0x00007fde76b5b000 JavaThread "cached1" [_thread_blocked, id=30211, stack(0x00007000117f2000,0x00007000118f2000)]
  0x00007fde75201000 JavaThread "hz._hzInstance_1_dev.migration" [_thread_blocked, id=25607, stack(0x0000700010ed7000,0x0000700010fd7000)]
  0x00007fde77a67000 JavaThread "hz._hzInstance_1_dev.wait-notify" [_thread_blocked, id=29699, stack(0x00007000116ef000,0x00007000117ef000)]
  0x00007fde751ae000 JavaThread "hz._hzInstance_1_dev.event-5" [_thread_blocked, id=29187, stack(0x00007000115ec000,0x00007000116ec000)]
  0x00007fde76a95800 JavaThread "hz._hzInstance_1_dev.event-4" [_thread_blocked, id=28675, stack(0x00007000114e9000,0x00007000115e9000)]
  0x00007fde76a94800 JavaThread "hz._hzInstance_1_dev.event-3" [_thread_blocked, id=28163, stack(0x00007000113e6000,0x00007000114e6000)]
  0x00007fde76a94000 JavaThread "hz._hzInstance_1_dev.event-2" [_thread_blocked, id=27651, stack(0x00007000112e3000,0x00007000113e3000)]
  0x00007fde77a66800 JavaThread "hz._hzInstance_1_dev.event-1" [_thread_blocked, id=27139, stack(0x00007000111e0000,0x00007000112e0000)]
  0x00007fde751b3000 JavaThread "hz._hzInstance_1_dev.SlowOperationDetectorThread" [_thread_blocked, id=26627, stack(0x00007000110dd000,0x00007000111dd000)]
  0x00007fde7614f800 JavaThread "hz._hzInstance_1_dev.response" [_thread_blocked, id=24851, stack(0x0000700010fda000,0x00007000110da000)]
  0x00007fde751ad800 JavaThread "hz._hzInstance_1_dev.InvocationMonitorThread" [_thread_blocked, id=24339, stack(0x0000700010dd4000,0x0000700010ed4000)]
  0x00007fde76ad9800 JavaThread "scheduled" [_thread_blocked, id=24599, stack(0x0000700010cd1000,0x0000700010dd1000)]
  0x00007fde7614f000 JavaThread "pool-1-thread-2" [_thread_blocked, id=26383, stack(0x0000700010bce000,0x0000700010cce000)]
  0x00007fde76a3a800 JavaThread "pool-1-thread-1" [_thread_blocked, id=23047, stack(0x00007000109c8000,0x0000700010ac8000)]
  0x00007fde779a0000 JavaThread "vert.x-worker-thread-0" [_thread_blocked, id=23559, stack(0x0000700010acb000,0x0000700010bcb000)]
  0x00007fde77931000 JavaThread "vertx-blocked-thread-checker" daemon [_thread_blocked, id=22531, stack(0x00007000108c5000,0x00007000109c5000)]
  0x00007fde77866000 JavaThread "Service Thread" daemon [_thread_blocked, id=21507, stack(0x00007000106bf000,0x00007000107bf000)]
  0x00007fde76014800 JavaThread "C1 CompilerThread3" daemon [_thread_blocked, id=20995, stack(0x00007000105bc000,0x00007000106bc000)]
  0x00007fde76013800 JavaThread "C2 CompilerThread2" daemon [_thread_blocked, id=20483, stack(0x00007000104b9000,0x00007000105b9000)]
  0x00007fde76013000 JavaThread "C2 CompilerThread1" daemon [_thread_blocked, id=19971, stack(0x00007000103b6000,0x00007000104b6000)]
  0x00007fde76011000 JavaThread "C2 CompilerThread0" daemon [_thread_blocked, id=19459, stack(0x00007000102b3000,0x00007000103b3000)]
  0x00007fde76003000 JavaThread "Signal Dispatcher" daemon [_thread_blocked, id=18947, stack(0x00007000101b0000,0x00007000102b0000)]
  0x00007fde77854800 JavaThread "Finalizer" daemon [_thread_blocked, id=14339, stack(0x000070000ffa7000,0x00007000100a7000)]
  0x00007fde77853800 JavaThread "Reference Handler" daemon [_thread_blocked, id=13827, stack(0x000070000fea4000,0x000070000ffa4000)]

Other Threads:
  0x00007fde7784f000 VMThread [stack: 0x000070000fda1000,0x000070000fea1000] [id=13315]
  0x00007fde78808000 WatcherThread [stack: 0x00007000107c2000,0x00007000108c2000] [id=22019]

VM state:not at safepoint (normal execution)

VM Mutex/Monitor currently owned by a thread: None

Heap:
 PSYoungGen      total 141824K, used 42421K [0x000000076ab00000, 0x0000000777680000, 0x00000007c0000000)
  eden space 131072K, 32% used [0x000000076ab00000,0x000000076d46d7e0,0x0000000772b00000)
  from space 10752K, 0% used [0x0000000772b00000,0x0000000772b00000,0x0000000773580000)
  to   space 10752K, 0% used [0x0000000776c00000,0x0000000776c00000,0x0000000777680000)
 ParOldGen       total 175104K, used 21147K [0x00000006c0000000, 0x00000006cab00000, 0x000000076ab00000)
  object space 175104K, 12% used [0x00000006c0000000,0x00000006c14a6f68,0x00000006cab00000)
 Metaspace       used 38408K, capacity 38952K, committed 39040K, reserved 1083392K
  class space    used 5083K, capacity 5204K, committed 5248K, reserved 1048576K

Card table byte_map: [0x0000000110edc000,0x00000001116dd000] byte_map_base: 0x000000010d8dc000

Marking Bits: (ParMarkBitMap*) 0x000000011049d390
 Begin Bits: [0x0000000125411000, 0x0000000129411000)
 End Bits:   [0x0000000129411000, 0x000000012d411000)

Polling page: 0x000000010eaea000

CodeCache: size=245760Kb used=6857Kb max_used=7154Kb free=238902Kb
 bounds [0x0000000116411000, 0x0000000116b11000, 0x0000000125411000]
 total_blobs=2659 nmethods=2211 adapters=362
 compilation: enabled

Compilation events (10 events):
Event: 25.464 Thread 0x00007fde76014800 nmethod 2362 0x0000000116883590 code [0x0000000116883760, 0x0000000116883e58]
Event: 25.464 Thread 0x00007fde76014800 2363       3       jdk.internal.org.objectweb.asm.AnnotationWriter::<init> (34 bytes)
Event: 25.464 Thread 0x00007fde76011000 2372       4       java.lang.Object::equals (11 bytes)
Event: 25.464 Thread 0x00007fde76014800 nmethod 2363 0x0000000116552bd0 code [0x0000000116552d40, 0x0000000116552fc8]
Event: 25.465 Thread 0x00007fde76011000 nmethod 2372 0x000000011657ffd0 code [0x0000000116580120, 0x0000000116580198]
Event: 25.465 Thread 0x00007fde76014800 2374       3       java.lang.invoke.InnerClassLambdaMetafactory::getLoadOpcode (25 bytes)
Event: 25.465 Thread 0x00007fde76014800 nmethod 2374 0x00000001168830d0 code [0x0000000116883260, 0x00000001168834b8]
Event: 25.465 Thread 0x00007fde76014800 2375       3       java.lang.invoke.InnerClassLambdaMetafactory::getParameterSize (27 bytes)
Event: 25.465 Thread 0x00007fde76014800 nmethod 2375 0x0000000116535810 code [0x0000000116535980, 0x0000000116535bb0]
Event: 25.466 Thread 0x00007fde76014800 2378       3       java.lang.invoke.MemberName::checkForTypeAlias (180 bytes)

GC Heap History (10 events):
Event: 0.972 GC heap before
{Heap before GC invocations=1 (full 0):
 PSYoungGen      total 76288K, used 65536K [0x000000076ab00000, 0x0000000770000000, 0x00000007c0000000)
  eden space 65536K, 100% used [0x000000076ab00000,0x000000076eb00000,0x000000076eb00000)
  from space 10752K, 0% used [0x000000076f580000,0x000000076f580000,0x0000000770000000)
  to   space 10752K, 0% used [0x000000076eb00000,0x000000076eb00000,0x000000076f580000)
 ParOldGen       total 175104K, used 0K [0x00000006c0000000, 0x00000006cab00000, 0x000000076ab00000)
  object space 175104K, 0% used [0x00000006c0000000,0x00000006c0000000,0x00000006cab00000)
 Metaspace       used 19234K, capacity 19482K, committed 19584K, reserved 1067008K
  class space    used 2327K, capacity 2395K, committed 2432K, reserved 1048576K
Event: 0.983 GC heap after
Heap after GC invocations=1 (full 0):
 PSYoungGen      total 76288K, used 9586K [0x000000076ab00000, 0x0000000774000000, 0x00000007c0000000)
  eden space 65536K, 0% used [0x000000076ab00000,0x000000076ab00000,0x000000076eb00000)
  from space 10752K, 89% used [0x000000076eb00000,0x000000076f45c958,0x000000076f580000)
  to   space 10752K, 0% used [0x0000000773580000,0x0000000773580000,0x0000000774000000)
 ParOldGen       total 175104K, used 88K [0x00000006c0000000, 0x00000006cab00000, 0x000000076ab00000)
  object space 175104K, 0% used [0x00000006c0000000,0x00000006c0016010,0x00000006cab00000)
 Metaspace       used 19234K, capacity 19482K, committed 19584K, reserved 1067008K
  class space    used 2327K, capacity 2395K, committed 2432K, reserved 1048576K
}
Event: 1.119 GC heap before
{Heap before GC invocations=2 (full 0):
 PSYoungGen      total 76288K, used 20496K [0x000000076ab00000, 0x0000000774000000, 0x00000007c0000000)
  eden space 65536K, 16% used [0x000000076ab00000,0x000000076b5a7a30,0x000000076eb00000)
  from space 10752K, 89% used [0x000000076eb00000,0x000000076f45c958,0x000000076f580000)
  to   space 10752K, 0% used [0x0000000773580000,0x0000000773580000,0x0000000774000000)
 ParOldGen       total 175104K, used 88K [0x00000006c0000000, 0x00000006cab00000, 0x000000076ab00000)
  object space 175104K, 0% used [0x00000006c0000000,0x00000006c0016010,0x00000006cab00000)
 Metaspace       used 20932K, capacity 21186K, committed 21296K, reserved 1069056K
  class space    used 2675K, capacity 2749K, committed 2816K, reserved 1048576K
Event: 1.125 GC heap after
Heap after GC invocations=2 (full 0):
 PSYoungGen      total 141824K, used 6972K [0x000000076ab00000, 0x0000000774000000, 0x00000007c0000000)
  eden space 131072K, 0% used [0x000000076ab00000,0x000000076ab00000,0x0000000772b00000)
  from space 10752K, 64% used [0x0000000773580000,0x0000000773c4f2c0,0x0000000774000000)
  to   space 10752K, 0% used [0x0000000772b00000,0x0000000772b00000,0x0000000773580000)
 ParOldGen       total 175104K, used 96K [0x00000006c0000000, 0x00000006cab00000, 0x000000076ab00000)
  object space 175104K, 0% used [0x00000006c0000000,0x00000006c0018010,0x00000006cab00000)
 Metaspace       used 20932K, capacity 21186K, committed 21296K, reserved 1069056K
  class space    used 2675K, capacity 2749K, committed 2816K, reserved 1048576K
}
Event: 1.125 GC heap before
{Heap before GC invocations=3 (full 1):
 PSYoungGen      total 141824K, used 6972K [0x000000076ab00000, 0x0000000774000000, 0x00000007c0000000)
  eden space 131072K, 0% used [0x000000076ab00000,0x000000076ab00000,0x0000000772b00000)
  from space 10752K, 64% used [0x0000000773580000,0x0000000773c4f2c0,0x0000000774000000)
  to   space 10752K, 0% used [0x0000000772b00000,0x0000000772b00000,0x0000000773580000)
 ParOldGen       total 175104K, used 96K [0x00000006c0000000, 0x00000006cab00000, 0x000000076ab00000)
  object space 175104K, 0% used [0x00000006c0000000,0x00000006c0018010,0x00000006cab00000)
 Metaspace       used 20932K, capacity 21186K, committed 21296K, reserved 1069056K
  class space    used 2675K, capacity 2749K, committed 2816K, reserved 1048576K
Event: 1.153 GC heap after
Heap after GC invocations=3 (full 1):
 PSYoungGen      total 141824K, used 0K [0x000000076ab00000, 0x0000000774000000, 0x00000007c0000000)
  eden space 131072K, 0% used [0x000000076ab00000,0x000000076ab00000,0x0000000772b00000)
  from space 10752K, 0% used [0x0000000773580000,0x0000000773580000,0x0000000774000000)
  to   space 10752K, 0% used [0x0000000772b00000,0x0000000772b00000,0x0000000773580000)
 ParOldGen       total 105472K, used 6750K [0x00000006c0000000, 0x00000006c6700000, 0x000000076ab00000)
  object space 105472K, 6% used [0x00000006c0000000,0x00000006c06979e0,0x00000006c6700000)
 Metaspace       used 20931K, capacity 21184K, committed 21296K, reserved 1069056K
  class space    used 2674K, capacity 2748K, committed 2816K, reserved 1048576K
}
Event: 4.735 GC heap before
{Heap before GC invocations=4 (full 1):
 PSYoungGen      total 141824K, used 81152K [0x000000076ab00000, 0x0000000774000000, 0x00000007c0000000)
  eden space 131072K, 61% used [0x000000076ab00000,0x000000076fa40280,0x0000000772b00000)
  from space 10752K, 0% used [0x0000000773580000,0x0000000773580000,0x0000000774000000)
  to   space 10752K, 0% used [0x0000000772b00000,0x0000000772b00000,0x0000000773580000)
 ParOldGen       total 105472K, used 6750K [0x00000006c0000000, 0x00000006c6700000, 0x000000076ab00000)
  object space 105472K, 6% used [0x00000006c0000000,0x00000006c06979e0,0x00000006c6700000)
 Metaspace       used 35027K, capacity 35418K, committed 35456K, reserved 1079296K
  class space    used 4626K, capacity 4717K, committed 4736K, reserved 1048576K
Event: 4.751 GC heap after
Heap after GC invocations=4 (full 1):
 PSYoungGen      total 141824K, used 10722K [0x000000076ab00000, 0x0000000777680000, 0x00000007c0000000)
  eden space 131072K, 0% used [0x000000076ab00000,0x000000076ab00000,0x0000000772b00000)
  from space 10752K, 99% used [0x0000000772b00000,0x0000000773578be8,0x0000000773580000)
  to   space 10752K, 0% used [0x0000000776c00000,0x0000000776c00000,0x0000000777680000)
 ParOldGen       total 105472K, used 12835K [0x00000006c0000000, 0x00000006c6700000, 0x000000076ab00000)
  object space 105472K, 12% used [0x00000006c0000000,0x00000006c0c88f80,0x00000006c6700000)
 Metaspace       used 35027K, capacity 35418K, committed 35456K, reserved 1079296K
  class space    used 4626K, capacity 4717K, committed 4736K, reserved 1048576K
}
Event: 4.751 GC heap before
{Heap before GC invocations=5 (full 2):
 PSYoungGen      total 141824K, used 10722K [0x000000076ab00000, 0x0000000777680000, 0x00000007c0000000)
  eden space 131072K, 0% used [0x000000076ab00000,0x000000076ab00000,0x0000000772b00000)
  from space 10752K, 99% used [0x0000000772b00000,0x0000000773578be8,0x0000000773580000)
  to   space 10752K, 0% used [0x0000000776c00000,0x0000000776c00000,0x0000000777680000)
 ParOldGen       total 105472K, used 12835K [0x00000006c0000000, 0x00000006c6700000, 0x000000076ab00000)
  object space 105472K, 12% used [0x00000006c0000000,0x00000006c0c88f80,0x00000006c6700000)
 Metaspace       used 35027K, capacity 35418K, committed 35456K, reserved 1079296K
  class space    used 4626K, capacity 4717K, committed 4736K, reserved 1048576K
Event: 4.791 GC heap after
Heap after GC invocations=5 (full 2):
 PSYoungGen      total 141824K, used 0K [0x000000076ab00000, 0x0000000777680000, 0x00000007c0000000)
  eden space 131072K, 0% used [0x000000076ab00000,0x000000076ab00000,0x0000000772b00000)
  from space 10752K, 0% used [0x0000000772b00000,0x0000000772b00000,0x0000000773580000)
  to   space 10752K, 0% used [0x0000000776c00000,0x0000000776c00000,0x0000000777680000)
 ParOldGen       total 175104K, used 21147K [0x00000006c0000000, 0x00000006cab00000, 0x000000076ab00000)
  object space 175104K, 12% used [0x00000006c0000000,0x00000006c14a6f68,0x00000006cab00000)
 Metaspace       used 35027K, capacity 35418K, committed 35456K, reserved 1079296K
  class space    used 4626K, capacity 4717K, committed 4736K, reserved 1048576K
}

Deoptimization events (10 events):
Event: 4.432 Thread 0x00007fde76bbe000 Uncommon trap: reason=bimorphic action=maybe_recompile pc=0x00000001167a5eec method=java.util.HashMap.putVal(ILjava/lang/Object;Ljava/lang/Object;ZZ)Ljava/lang/Object; @ 203
Event: 4.432 Thread 0x00007fde76bbe000 Uncommon trap: reason=bimorphic action=maybe_recompile pc=0x00000001167a5eec method=java.util.HashMap.putVal(ILjava/lang/Object;Ljava/lang/Object;ZZ)Ljava/lang/Object; @ 203
Event: 4.434 Thread 0x00007fde76bbe000 Uncommon trap: reason=bimorphic action=maybe_recompile pc=0x00000001167a5eec method=java.util.HashMap.putVal(ILjava/lang/Object;Ljava/lang/Object;ZZ)Ljava/lang/Object; @ 203
Event: 4.444 Thread 0x00007fde76bbe000 Uncommon trap: reason=class_check action=maybe_recompile pc=0x00000001166f07e0 method=java.io.DataInputStream.readUnsignedShort()I @ 4
Event: 4.444 Thread 0x00007fde76bbe000 Uncommon trap: reason=class_check action=maybe_recompile pc=0x00000001166f07e0 method=java.io.DataInputStream.readUnsignedShort()I @ 4
Event: 4.445 Thread 0x00007fde76bbe000 Uncommon trap: reason=class_check action=maybe_recompile pc=0x00000001166f07e0 method=java.io.DataInputStream.readUnsignedShort()I @ 4
Event: 4.445 Thread 0x00007fde76bbe000 Uncommon trap: reason=class_check action=maybe_recompile pc=0x00000001166f07e0 method=java.io.DataInputStream.readUnsignedShort()I @ 4
Event: 4.892 Thread 0x00007fde76800000 Uncommon trap: reason=bimorphic action=maybe_recompile pc=0x0000000116950c08 method=java.util.HashMap.putVal(ILjava/lang/Object;Ljava/lang/Object;ZZ)Ljava/lang/Object; @ 253
Event: 4.895 Thread 0x00007fde76800000 Uncommon trap: reason=bimorphic action=maybe_recompile pc=0x0000000116950c08 method=java.util.HashMap.putVal(ILjava/lang/Object;Ljava/lang/Object;ZZ)Ljava/lang/Object; @ 253
Event: 4.895 Thread 0x00007fde76800000 Uncommon trap: reason=bimorphic action=maybe_recompile pc=0x0000000116744b20 method=java.util.HashMap.putVal(ILjava/lang/Object;Ljava/lang/Object;ZZ)Ljava/lang/Object; @ 253

Internal exceptions (10 events):
Event: 16.620 Thread 0x00007fde77abc800 Exception <a 'java/net/SocketTimeoutException': Receive timed out> (0x000000076cb5b880) thrown at [/HUDSON3/workspace/8-2-build-macosx-x86_64/jdk8u25/1514/hotspot/src/share/vm/prims/jni.cpp, line 742]
Event: 17.624 Thread 0x00007fde77abc800 Exception <a 'java/net/SocketTimeoutException': Receive timed out> (0x000000076cb5ba88) thrown at [/HUDSON3/workspace/8-2-build-macosx-x86_64/jdk8u25/1514/hotspot/src/share/vm/prims/jni.cpp, line 742]
Event: 18.627 Thread 0x00007fde77abc800 Exception <a 'java/net/SocketTimeoutException': Receive timed out> (0x000000076cb5bc90) thrown at [/HUDSON3/workspace/8-2-build-macosx-x86_64/jdk8u25/1514/hotspot/src/share/vm/prims/jni.cpp, line 742]
Event: 19.631 Thread 0x00007fde77abc800 Exception <a 'java/net/SocketTimeoutException': Receive timed out> (0x000000076cb5be98) thrown at [/HUDSON3/workspace/8-2-build-macosx-x86_64/jdk8u25/1514/hotspot/src/share/vm/prims/jni.cpp, line 742]
Event: 20.636 Thread 0x00007fde77abc800 Exception <a 'java/net/SocketTimeoutException': Receive timed out> (0x000000076cb5c0a0) thrown at [/HUDSON3/workspace/8-2-build-macosx-x86_64/jdk8u25/1514/hotspot/src/share/vm/prims/jni.cpp, line 742]
Event: 21.640 Thread 0x00007fde77abc800 Exception <a 'java/net/SocketTimeoutException': Receive timed out> (0x000000076cb5c2a8) thrown at [/HUDSON3/workspace/8-2-build-macosx-x86_64/jdk8u25/1514/hotspot/src/share/vm/prims/jni.cpp, line 742]
Event: 22.643 Thread 0x00007fde77abc800 Exception <a 'java/net/SocketTimeoutException': Receive timed out> (0x000000076cb5c4b0) thrown at [/HUDSON3/workspace/8-2-build-macosx-x86_64/jdk8u25/1514/hotspot/src/share/vm/prims/jni.cpp, line 742]
Event: 23.647 Thread 0x00007fde77abc800 Exception <a 'java/net/SocketTimeoutException': Receive timed out> (0x000000076cb5c6b8) thrown at [/HUDSON3/workspace/8-2-build-macosx-x86_64/jdk8u25/1514/hotspot/src/share/vm/prims/jni.cpp, line 742]
Event: 24.651 Thread 0x00007fde77abc800 Exception <a 'java/net/SocketTimeoutException': Receive timed out> (0x000000076cb5c8c0) thrown at [/HUDSON3/workspace/8-2-build-macosx-x86_64/jdk8u25/1514/hotspot/src/share/vm/prims/jni.cpp, line 742]
Event: 25.467 Thread 0x00007fde76875000 Exception <a 'java/security/PrivilegedActionException'> (0x000000076d45e0a0) thrown at [/HUDSON3/workspace/8-2-build-macosx-x86_64/jdk8u25/1514/hotspot/src/share/vm/prims/jvm.cpp, line 1312]

Events (10 events):
Event: 25.466 Executing VM operation: RevokeBias
Event: 25.466 Executing VM operation: RevokeBias done
Event: 25.466 Executing VM operation: RevokeBias
Event: 25.466 Executing VM operation: RevokeBias done
Event: 25.466 Executing VM operation: RevokeBias
Event: 25.466 Executing VM operation: RevokeBias done
Event: 25.466 Executing VM operation: RevokeBias
Event: 25.466 Executing VM operation: RevokeBias done
Event: 25.467 loading class io/netty/channel/group/ChannelMatchers
Event: 25.467 loading class io/netty/channel/group/ChannelMatchers done


Dynamic libraries:
0x0000000003b3d000 	/System/Library/Frameworks/Cocoa.framework/Versions/A/Cocoa
0x0000000003b3d000 	/System/Library/Frameworks/Security.framework/Versions/A/Security
0x0000000003b3d000 	/System/Library/Frameworks/ApplicationServices.framework/Versions/A/ApplicationServices
0x0000000003b3d000 	/usr/lib/libz.1.dylib
0x0000000003b3d000 	/usr/lib/libSystem.B.dylib
0x0000000003b3d000 	/usr/lib/libobjc.A.dylib
0x0000000003b3d000 	/System/Library/Frameworks/CoreFoundation.framework/Versions/A/CoreFoundation
0x0000000003b3d000 	/System/Library/Frameworks/Foundation.framework/Versions/C/Foundation
0x0000000003b3d000 	/System/Library/Frameworks/AppKit.framework/Versions/C/AppKit
0x0000000003b3d000 	/System/Library/Frameworks/CoreData.framework/Versions/A/CoreData
0x0000000003b3d000 	/System/Library/PrivateFrameworks/RemoteViewServices.framework/Versions/A/RemoteViewServices
0x0000000003b3d000 	/System/Library/PrivateFrameworks/UIFoundation.framework/Versions/A/UIFoundation
0x0000000003b3d000 	/System/Library/PrivateFrameworks/DFRFoundation.framework/Versions/A/DFRFoundation
0x0000000003b3d000 	/usr/lib/libenergytrace.dylib
0x0000000003b3d000 	/System/Library/PrivateFrameworks/SkyLight.framework/Versions/A/SkyLight
0x0000000003b3d000 	/System/Library/Frameworks/CoreGraphics.framework/Versions/A/CoreGraphics
0x0000000003b3d000 	/usr/lib/libScreenReader.dylib
0x0000000003b3d000 	/System/Library/Frameworks/Accelerate.framework/Versions/A/Accelerate
0x0000000003b3d000 	/System/Library/Frameworks/IOSurface.framework/Versions/A/IOSurface
0x0000000003b3d000 	/System/Library/Frameworks/AudioToolbox.framework/Versions/A/AudioToolbox
0x0000000003b3d000 	/System/Library/Frameworks/AudioUnit.framework/Versions/A/AudioUnit
0x0000000003b3d000 	/System/Library/PrivateFrameworks/DataDetectorsCore.framework/Versions/A/DataDetectorsCore
0x0000000003b3d000 	/System/Library/PrivateFrameworks/DesktopServicesPriv.framework/Versions/A/DesktopServicesPriv
0x0000000003b3d000 	/System/Library/Frameworks/Carbon.framework/Versions/A/Frameworks/HIToolbox.framework/Versions/A/HIToolbox
0x0000000003b3d000 	/usr/lib/libicucore.A.dylib
0x0000000003b3d000 	/System/Library/Frameworks/QuartzCore.framework/Versions/A/QuartzCore
0x0000000003b3d000 	/System/Library/Frameworks/Carbon.framework/Versions/A/Frameworks/SpeechRecognition.framework/Versions/A/SpeechRecognition
0x0000000003b3d000 	/usr/lib/libauto.dylib
0x0000000003b3d000 	/usr/lib/libxml2.2.dylib
0x0000000003b3d000 	/System/Library/PrivateFrameworks/CoreUI.framework/Versions/A/CoreUI
0x0000000003b3d000 	/System/Library/Frameworks/CoreAudio.framework/Versions/A/CoreAudio
0x0000000003b3d000 	/System/Library/Frameworks/DiskArbitration.framework/Versions/A/DiskArbitration
0x0000000003b3d000 	/usr/lib/liblangid.dylib
0x0000000003b3d000 	/System/Library/PrivateFrameworks/MultitouchSupport.framework/Versions/A/MultitouchSupport
0x0000000003b3d000 	/System/Library/Frameworks/IOKit.framework/Versions/A/IOKit
0x0000000003b3d000 	/usr/lib/libDiagnosticMessagesClient.dylib
0x0000000003b3d000 	/System/Library/Frameworks/CoreServices.framework/Versions/A/CoreServices
0x0000000003b3d000 	/System/Library/PrivateFrameworks/PerformanceAnalysis.framework/Versions/A/PerformanceAnalysis
0x0000000003b3d000 	/System/Library/PrivateFrameworks/GenerationalStorage.framework/Versions/A/GenerationalStorage
0x0000000003b3d000 	/System/Library/Frameworks/OpenGL.framework/Versions/A/OpenGL
0x0000000003b3d000 	/System/Library/Frameworks/CoreImage.framework/Versions/A/CoreImage
0x0000000003b3d000 	/System/Library/Frameworks/CoreText.framework/Versions/A/CoreText
0x0000000003b3d000 	/System/Library/Frameworks/ImageIO.framework/Versions/A/ImageIO
0x0000000003b3d000 	/System/Library/PrivateFrameworks/Backup.framework/Versions/A/Backup
0x0000000003b3d000 	/usr/lib/libarchive.2.dylib
0x0000000003b3d000 	/System/Library/Frameworks/CFNetwork.framework/Versions/A/CFNetwork
0x0000000003b3d000 	/System/Library/Frameworks/SystemConfiguration.framework/Versions/A/SystemConfiguration
0x0000000003b3d000 	/usr/lib/libCRFSuite.dylib
0x0000000003b3d000 	/usr/lib/libc++.1.dylib
0x0000000003b3d000 	/usr/lib/libc++abi.dylib
0x0000000003b3d000 	/usr/lib/system/libcache.dylib
0x0000000003b3d000 	/usr/lib/system/libcommonCrypto.dylib
0x0000000003b3d000 	/usr/lib/system/libcompiler_rt.dylib
0x0000000003b3d000 	/usr/lib/system/libcopyfile.dylib
0x0000000003b3d000 	/usr/lib/system/libcorecrypto.dylib
0x0000000003b3d000 	/usr/lib/system/libdispatch.dylib
0x0000000003b3d000 	/usr/lib/system/libdyld.dylib
0x0000000003b3d000 	/usr/lib/system/libkeymgr.dylib
0x0000000003b3d000 	/usr/lib/system/liblaunch.dylib
0x0000000003b3d000 	/usr/lib/system/libmacho.dylib
0x0000000003b3d000 	/usr/lib/system/libquarantine.dylib
0x0000000003b3d000 	/usr/lib/system/libremovefile.dylib
0x0000000003b3d000 	/usr/lib/system/libsystem_asl.dylib
0x0000000003b3d000 	/usr/lib/system/libsystem_blocks.dylib
0x0000000003b3d000 	/usr/lib/system/libsystem_c.dylib
0x0000000003b3d000 	/usr/lib/system/libsystem_configuration.dylib
0x0000000003b3d000 	/usr/lib/system/libsystem_coreservices.dylib
0x0000000003b3d000 	/usr/lib/system/libsystem_coretls.dylib
0x0000000003b3d000 	/usr/lib/system/libsystem_dnssd.dylib
0x0000000003b3d000 	/usr/lib/system/libsystem_info.dylib
0x0000000003b3d000 	/usr/lib/system/libsystem_kernel.dylib
0x0000000003b3d000 	/usr/lib/system/libsystem_m.dylib
0x0000000003b3d000 	/usr/lib/system/libsystem_malloc.dylib
0x0000000003b3d000 	/usr/lib/system/libsystem_network.dylib
0x0000000003b3d000 	/usr/lib/system/libsystem_networkextension.dylib
0x0000000003b3d000 	/usr/lib/system/libsystem_notify.dylib
0x0000000003b3d000 	/usr/lib/system/libsystem_platform.dylib
0x0000000003b3d000 	/usr/lib/system/libsystem_pthread.dylib
0x0000000003b3d000 	/usr/lib/system/libsystem_sandbox.dylib
0x0000000003b3d000 	/usr/lib/system/libsystem_secinit.dylib
0x0000000003b3d000 	/usr/lib/system/libsystem_symptoms.dylib
0x0000000003b3d000 	/usr/lib/system/libsystem_trace.dylib
0x0000000003b3d000 	/usr/lib/system/libunwind.dylib
0x0000000003b3d000 	/usr/lib/system/libxpc.dylib
0x0000000003b3d000 	/usr/lib/libbsm.0.dylib
0x0000000003b3d000 	/usr/lib/system/libkxld.dylib
0x0000000003b3d000 	/usr/lib/libcoretls.dylib
0x0000000003b3d000 	/usr/lib/libcoretls_cfhelpers.dylib
0x0000000003b3d000 	/usr/lib/libxar.1.dylib
0x0000000003b3d000 	/usr/lib/libsqlite3.dylib
0x0000000003b3d000 	/usr/lib/libpam.2.dylib
0x0000000003b3d000 	/usr/lib/libOpenScriptingUtil.dylib
0x0000000003b3d000 	/usr/lib/libbz2.1.0.dylib
0x0000000003b3d000 	/usr/lib/liblzma.5.dylib
0x0000000003b3d000 	/usr/lib/libnetwork.dylib
0x0000000003b3d000 	/usr/lib/libpcap.A.dylib
0x0000000003b3d000 	/System/Library/Frameworks/CoreServices.framework/Versions/A/Frameworks/FSEvents.framework/Versions/A/FSEvents
0x0000000003b3d000 	/System/Library/Frameworks/CoreServices.framework/Versions/A/Frameworks/CarbonCore.framework/Versions/A/CarbonCore
0x0000000003b3d000 	/System/Library/Frameworks/CoreServices.framework/Versions/A/Frameworks/Metadata.framework/Versions/A/Metadata
0x0000000003b3d000 	/System/Library/Frameworks/CoreServices.framework/Versions/A/Frameworks/OSServices.framework/Versions/A/OSServices
0x0000000003b3d000 	/System/Library/Frameworks/CoreServices.framework/Versions/A/Frameworks/SearchKit.framework/Versions/A/SearchKit
0x0000000003b3d000 	/System/Library/Frameworks/CoreServices.framework/Versions/A/Frameworks/AE.framework/Versions/A/AE
0x0000000003b3d000 	/System/Library/Frameworks/CoreServices.framework/Versions/A/Frameworks/LaunchServices.framework/Versions/A/LaunchServices
0x0000000003b3d000 	/System/Library/Frameworks/CoreServices.framework/Versions/A/Frameworks/DictionaryServices.framework/Versions/A/DictionaryServices
0x0000000003b3d000 	/System/Library/Frameworks/CoreServices.framework/Versions/A/Frameworks/SharedFileList.framework/Versions/A/SharedFileList
0x0000000003b3d000 	/System/Library/Frameworks/NetFS.framework/Versions/A/NetFS
0x0000000003b3d000 	/System/Library/PrivateFrameworks/NetAuth.framework/Versions/A/NetAuth
0x0000000003b3d000 	/System/Library/PrivateFrameworks/login.framework/Versions/A/Frameworks/loginsupport.framework/Versions/A/loginsupport
0x0000000003b3d000 	/System/Library/PrivateFrameworks/TCC.framework/Versions/A/TCC
0x0000000003b3d000 	/usr/lib/libmecabra.dylib
0x0000000003b3d000 	/System/Library/Frameworks/ApplicationServices.framework/Versions/A/Frameworks/ATS.framework/Versions/A/ATS
0x0000000003b3d000 	/System/Library/Frameworks/ApplicationServices.framework/Versions/A/Frameworks/ColorSync.framework/Versions/A/ColorSync
0x0000000003b3d000 	/System/Library/Frameworks/ApplicationServices.framework/Versions/A/Frameworks/HIServices.framework/Versions/A/HIServices
0x0000000003b3d000 	/System/Library/Frameworks/ApplicationServices.framework/Versions/A/Frameworks/LangAnalysis.framework/Versions/A/LangAnalysis
0x0000000003b3d000 	/System/Library/Frameworks/ApplicationServices.framework/Versions/A/Frameworks/PrintCore.framework/Versions/A/PrintCore
0x0000000003b3d000 	/System/Library/Frameworks/ApplicationServices.framework/Versions/A/Frameworks/QD.framework/Versions/A/QD
0x0000000003b3d000 	/System/Library/Frameworks/ApplicationServices.framework/Versions/A/Frameworks/SpeechSynthesis.framework/Versions/A/SpeechSynthesis
0x0000000003b3d000 	/System/Library/Frameworks/Accelerate.framework/Versions/A/Frameworks/vImage.framework/Versions/A/vImage
0x0000000003b3d000 	/System/Library/Frameworks/Accelerate.framework/Versions/A/Frameworks/vecLib.framework/Versions/A/vecLib
0x0000000003b3d000 	/System/Library/Frameworks/Accelerate.framework/Versions/A/Frameworks/vecLib.framework/Versions/A/libvDSP.dylib
0x0000000003b3d000 	/System/Library/Frameworks/Accelerate.framework/Versions/A/Frameworks/vecLib.framework/Versions/A/libBNNS.dylib
0x0000000003b3d000 	/System/Library/Frameworks/Accelerate.framework/Versions/A/Frameworks/vecLib.framework/Versions/A/libQuadrature.dylib
0x0000000003b3d000 	/System/Library/Frameworks/Accelerate.framework/Versions/A/Frameworks/vecLib.framework/Versions/A/libvMisc.dylib
0x0000000003b3d000 	/System/Library/Frameworks/Accelerate.framework/Versions/A/Frameworks/vecLib.framework/Versions/A/libLAPACK.dylib
0x0000000003b3d000 	/System/Library/Frameworks/Accelerate.framework/Versions/A/Frameworks/vecLib.framework/Versions/A/libBLAS.dylib
0x0000000003b3d000 	/System/Library/Frameworks/Accelerate.framework/Versions/A/Frameworks/vecLib.framework/Versions/A/libLinearAlgebra.dylib
0x0000000003b3d000 	/System/Library/Frameworks/Accelerate.framework/Versions/A/Frameworks/vecLib.framework/Versions/A/libSparseBLAS.dylib
0x0000000003b3d000 	/System/Library/Frameworks/ApplicationServices.framework/Versions/A/Frameworks/ATS.framework/Versions/A/Resources/libFontParser.dylib
0x0000000003b3d000 	/System/Library/Frameworks/ApplicationServices.framework/Versions/A/Frameworks/ATS.framework/Versions/A/Resources/libFontRegistry.dylib
0x0000000003b3d000 	/System/Library/Frameworks/ImageIO.framework/Versions/A/Resources/libJPEG.dylib
0x0000000003b3d000 	/System/Library/Frameworks/ImageIO.framework/Versions/A/Resources/libTIFF.dylib
0x0000000003b3d000 	/System/Library/Frameworks/ImageIO.framework/Versions/A/Resources/libPng.dylib
0x0000000003b3d000 	/System/Library/Frameworks/ImageIO.framework/Versions/A/Resources/libGIF.dylib
0x0000000003b3d000 	/System/Library/Frameworks/ImageIO.framework/Versions/A/Resources/libJP2.dylib
0x0000000003b3d000 	/System/Library/Frameworks/ImageIO.framework/Versions/A/Resources/libRadiance.dylib
0x0000000003b3d000 	/usr/lib/libcompression.dylib
0x0000000003b3d000 	/System/Library/PrivateFrameworks/AppleJPEG.framework/Versions/A/AppleJPEG
0x0000000003b3d000 	/usr/lib/libcups.2.dylib
0x0000000003b3d000 	/System/Library/Frameworks/Kerberos.framework/Versions/A/Kerberos
0x0000000003b3d000 	/System/Library/Frameworks/GSS.framework/Versions/A/GSS
0x0000000003b3d000 	/usr/lib/libresolv.9.dylib
0x0000000003b3d000 	/usr/lib/libiconv.2.dylib
0x0000000003b3d000 	/System/Library/PrivateFrameworks/Heimdal.framework/Versions/A/Heimdal
0x0000000003b3d000 	/usr/lib/libheimdal-asn1.dylib
0x0000000003b3d000 	/System/Library/Frameworks/OpenDirectory.framework/Versions/A/OpenDirectory
0x0000000003b3d000 	/System/Library/PrivateFrameworks/CommonAuth.framework/Versions/A/CommonAuth
0x0000000003b3d000 	/System/Library/Frameworks/OpenDirectory.framework/Versions/A/Frameworks/CFOpenDirectory.framework/Versions/A/CFOpenDirectory
0x0000000003b3d000 	/System/Library/Frameworks/SecurityFoundation.framework/Versions/A/SecurityFoundation
0x0000000003b3d000 	/System/Library/PrivateFrameworks/LanguageModeling.framework/Versions/A/LanguageModeling
0x0000000003b3d000 	/usr/lib/libmarisa.dylib
0x0000000003b3d000 	/usr/lib/libChineseTokenizer.dylib
0x0000000003b3d000 	/usr/lib/libcmph.dylib
0x0000000003b3d000 	/System/Library/PrivateFrameworks/CoreEmoji.framework/Versions/A/CoreEmoji
0x0000000003b3d000 	/System/Library/Frameworks/ServiceManagement.framework/Versions/A/ServiceManagement
0x0000000003b3d000 	/usr/lib/libxslt.1.dylib
0x0000000003b3d000 	/System/Library/Frameworks/Carbon.framework/Versions/A/Frameworks/Ink.framework/Versions/A/Ink
0x0000000003b3d000 	/System/Library/PrivateFrameworks/TextureIO.framework/Versions/A/TextureIO
0x0000000003b3d000 	/System/Library/Frameworks/Metal.framework/Versions/A/Metal
0x0000000003b3d000 	/usr/lib/libate.dylib
0x0000000003b3d000 	/System/Library/PrivateFrameworks/GPUCompiler.framework/libmetal_timestamp.dylib
0x0000000003b3d000 	/System/Library/Frameworks/OpenGL.framework/Versions/A/Libraries/libCoreFSCache.dylib
0x0000000003b3d000 	/System/Library/PrivateFrameworks/IOAccelerator.framework/Versions/A/IOAccelerator
0x0000000003b3d000 	/System/Library/Frameworks/CoreVideo.framework/Versions/A/CoreVideo
0x0000000003b3d000 	/usr/lib/libFosl_dynamic.dylib
0x0000000003b3d000 	/System/Library/PrivateFrameworks/MetalPerformanceShaders.framework/Versions/A/MetalPerformanceShaders
0x0000000003b3d000 	/System/Library/PrivateFrameworks/FaceCore.framework/Versions/A/FaceCore
0x0000000003b3d000 	/System/Library/Frameworks/OpenCL.framework/Versions/A/OpenCL
0x0000000003b3d000 	/System/Library/Frameworks/OpenGL.framework/Versions/A/Libraries/libGLU.dylib
0x0000000003b3d000 	/System/Library/Frameworks/OpenGL.framework/Versions/A/Libraries/libGFXShared.dylib
0x0000000003b3d000 	/System/Library/Frameworks/OpenGL.framework/Versions/A/Libraries/libGL.dylib
0x0000000003b3d000 	/System/Library/Frameworks/OpenGL.framework/Versions/A/Libraries/libGLImage.dylib
0x0000000003b3d000 	/System/Library/Frameworks/OpenGL.framework/Versions/A/Libraries/libCVMSPluginSupport.dylib
0x0000000003b3d000 	/System/Library/Frameworks/OpenGL.framework/Versions/A/Libraries/libCoreVMClient.dylib
0x0000000003b3d000 	/System/Library/PrivateFrameworks/CrashReporterSupport.framework/Versions/A/CrashReporterSupport
0x0000000003b3d000 	/System/Library/PrivateFrameworks/Sharing.framework/Versions/A/Sharing
0x0000000003b3d000 	/System/Library/PrivateFrameworks/IconServices.framework/Versions/A/IconServices
0x0000000003b3d000 	/System/Library/PrivateFrameworks/ProtocolBuffer.framework/Versions/A/ProtocolBuffer
0x0000000003b3d000 	/System/Library/PrivateFrameworks/Apple80211.framework/Versions/A/Apple80211
0x0000000003b3d000 	/System/Library/Frameworks/CoreWLAN.framework/Versions/A/CoreWLAN
0x0000000003b3d000 	/System/Library/PrivateFrameworks/CoreUtils.framework/Versions/A/CoreUtils
0x0000000003b3d000 	/System/Library/Frameworks/IOBluetooth.framework/Versions/A/IOBluetooth
0x0000000003b3d000 	/System/Library/PrivateFrameworks/CoreWiFi.framework/Versions/A/CoreWiFi
0x0000000003b3d000 	/System/Library/Frameworks/CoreBluetooth.framework/Versions/A/CoreBluetooth
0x0000000003b3d000 	/System/Library/Frameworks/CoreDisplay.framework/Versions/A/CoreDisplay
0x0000000003b3d000 	/System/Library/PrivateFrameworks/IOPresentment.framework/Versions/A/IOPresentment
0x0000000003b3d000 	/System/Library/PrivateFrameworks/DebugSymbols.framework/Versions/A/DebugSymbols
0x0000000003b3d000 	/System/Library/PrivateFrameworks/CoreSymbolication.framework/Versions/A/CoreSymbolication
0x0000000003b3d000 	/System/Library/PrivateFrameworks/Symbolication.framework/Versions/A/Symbolication
0x0000000003b3d000 	/System/Library/PrivateFrameworks/AppleFSCompression.framework/Versions/A/AppleFSCompression
0x0000000003b3d000 	/System/Library/PrivateFrameworks/SpeechRecognitionCore.framework/Versions/A/SpeechRecognitionCore
0x0000000003b3d000 	/System/Library/PrivateFrameworks/ChunkingLibrary.framework/Versions/A/ChunkingLibrary
0x0000000053f1e000 	/System/Library/CoreServices/Encodings/libKoreanConverter.dylib
0x000000010fc00000 	/Library/Java/JavaVirtualMachines/jdk1.8.0_25.jdk/Contents/Home/jre/lib/server/libjvm.dylib
0x0000000003b3d000 	/usr/lib/libstdc++.6.dylib
0x000000010eaa8000 	/Library/Java/JavaVirtualMachines/jdk1.8.0_25.jdk/Contents/Home/jre/lib/libverify.dylib
0x000000010eab6000 	/Library/Java/JavaVirtualMachines/jdk1.8.0_25.jdk/Contents/Home/jre/lib/libjava.dylib
0x000000010eaf4000 	/Library/Java/JavaVirtualMachines/jdk1.8.0_25.jdk/Contents/Home/jre/lib/libzip.dylib
0x0000000114aaa000 	/System/Library/Frameworks/JavaVM.framework/Frameworks/JavaRuntimeSupport.framework/JavaRuntimeSupport
0x0000000114ac4000 	/System/Library/Frameworks/JavaVM.framework/Versions/A/Frameworks/JavaNativeFoundation.framework/Versions/A/JavaNativeFoundation
0x0000000114ad9000 	/System/Library/Frameworks/JavaVM.framework/Versions/A/JavaVM
0x0000000003b3d000 	/System/Library/Frameworks/Carbon.framework/Versions/A/Carbon
0x0000000114ae6000 	/System/Library/PrivateFrameworks/JavaLaunching.framework/Versions/A/JavaLaunching
0x0000000003b3d000 	/System/Library/Frameworks/Carbon.framework/Versions/A/Frameworks/CommonPanels.framework/Versions/A/CommonPanels
0x0000000003b3d000 	/System/Library/Frameworks/Carbon.framework/Versions/A/Frameworks/Help.framework/Versions/A/Help
0x0000000003b3d000 	/System/Library/Frameworks/Carbon.framework/Versions/A/Frameworks/ImageCapture.framework/Versions/A/ImageCapture
0x0000000003b3d000 	/System/Library/Frameworks/Carbon.framework/Versions/A/Frameworks/OpenScripting.framework/Versions/A/OpenScripting
0x0000000003b3d000 	/System/Library/Frameworks/Carbon.framework/Versions/A/Frameworks/Print.framework/Versions/A/Print
0x0000000003b3d000 	/System/Library/Frameworks/Carbon.framework/Versions/A/Frameworks/SecurityHI.framework/Versions/A/SecurityHI
0x0000000114d9f000 	/Library/Java/JavaVirtualMachines/jdk1.8.0_25.jdk/Contents/Home/jre/lib/libnet.dylib
0x0000000114dfe000 	/Library/Java/JavaVirtualMachines/jdk1.8.0_25.jdk/Contents/Home/jre/lib/libnio.dylib
0x0000000114ead000 	/Library/Java/JavaVirtualMachines/jdk1.8.0_25.jdk/Contents/Home/jre/lib/libmanagement.dylib
0x0000000115100000 	/Library/Java/JavaVirtualMachines/jdk1.8.0_25.jdk/Contents/Home/jre/lib/libsunec.dylib

VM Arguments:
java_command: target/slime-http-0.0.1-SNAPSHOT-fat.jar
java_class_path (initial): target/slime-http-0.0.1-SNAPSHOT-fat.jar
Launcher Type: SUN_STANDARD

Environment Variables:
PATH=/Users/pgmnle/dev/android-sdk-macosx/tools:/Users/pgmnle/dev/android-sdk-macosx/platform-tools:/Users/pgmnle/dev/android-sdk-macosx:/Users/pgmnle/dev/android-ndk-r10d:/Users/pgmnle/.Trash/cocos2d-js-v3.5/tools/cocos2d-console/bin:/Library/Frameworks/Python.framework/Versions/2.7/bin:/usr/local/bin:/usr/bin:/bin:/usr/sbin:/sbin
SHELL=/bin/bash

Signal Handlers:
SIGSEGV: [libjvm.dylib+0x579dc7], sa_mask[0]=11111111011111110111111111111111, sa_flags=SA_ONSTACK|SA_RESTART|SA_SIGINFO
SIGBUS: [libjvm.dylib+0x579dc7], sa_mask[0]=11111111011111110111111111111111, sa_flags=SA_RESTART|SA_SIGINFO
SIGFPE: [libjvm.dylib+0x45b030], sa_mask[0]=11111111011111110111111111111111, sa_flags=SA_RESTART|SA_SIGINFO
SIGPIPE: [libjvm.dylib+0x45b030], sa_mask[0]=11111111011111110111111111111111, sa_flags=SA_RESTART|SA_SIGINFO
SIGXFSZ: [libjvm.dylib+0x45b030], sa_mask[0]=11111111011111110111111111111111, sa_flags=SA_RESTART|SA_SIGINFO
SIGILL: [libjvm.dylib+0x45b030], sa_mask[0]=11111111011111110111111111111111, sa_flags=SA_RESTART|SA_SIGINFO
SIGUSR1: SIG_DFL, sa_mask[0]=11011111011111100000000111000110, sa_flags=none
SIGUSR2: [libjvm.dylib+0x45ab4e], sa_mask[0]=00000000000000000000000000000000, sa_flags=SA_RESTART|SA_SIGINFO
SIGHUP: [libjvm.dylib+0x459121], sa_mask[0]=11111111011111110111111111111111, sa_flags=SA_RESTART|SA_SIGINFO
SIGINT: [libjvm.dylib+0x459121], sa_mask[0]=11111111011111110111111111111111, sa_flags=SA_RESTART|SA_SIGINFO
SIGTERM: [libjvm.dylib+0x459121], sa_mask[0]=11111111011111110111111111111111, sa_flags=SA_RESTART|SA_SIGINFO
SIGQUIT: [libjvm.dylib+0x459121], sa_mask[0]=11111111011111110111111111111111, sa_flags=SA_RESTART|SA_SIGINFO


---------------  S Y S T E M  ---------------

OS:Bsduname:Darwin 16.4.0 Darwin Kernel Version 16.4.0: Thu Dec 22 22:53:21 PST 2016; root:xnu-3789.41.3~3/RELEASE_X86_64 x86_64
rlimit: STACK 8192k, CORE 0k, NPROC 709, NOFILE 10240, AS infinity
load average:2.58 2.43 2.42

CPU:total 8 (4 cores per cpu, 2 threads per core) family 6 model 58 stepping 9, cmov, cx8, fxsr, mmx, sse, sse2, sse3, ssse3, sse4.1, sse4.2, popcnt, avx, aes, clmul, erms, ht, tsc, tscinvbit, tscinv

Memory: 4k page, physical 16777216k(349312k free)

/proc/meminfo:


vm_info: Java HotSpot(TM) 64-Bit Server VM (25.25-b02) for bsd-amd64 JRE (1.8.0_25-b17), built on Sep 17 2014 16:56:50 by "java_re" with gcc 4.2.1 (Based on Apple Inc. build 5658) (LLVM build 2336.11.00)

time: Sun Feb 19 22:26:48 2017
elapsed time: 25 seconds (0d 0h 0m 25s)

